  Compiling CUDA source file funcHDR.cu...
  Compiling CUDA source file tonemapping.cu...
  
  C:\PGATR\CUDA\P5\P4>"C:\Program Files\NVIDIA GPU Computing Toolkit\CUDA\v10.1\bin\nvcc.exe" -gencode=arch=compute_35,code=\"sm_35,compute_35\" --use-local-env -ccbin "C:\Program Files (x86)\Microsoft Visual Studio\2017\Community\VC\Tools\MSVC\14.16.27023\bin\HostX86\x64" -x cu  -ID:\opencv\opencv\build\include -I"C:\Program Files\NVIDIA GPU Computing Toolkit\CUDA\v10.1\include" -I"C:\Program Files\NVIDIA GPU Computing Toolkit\CUDA\v10.1\include"     --keep-dir x64\Release -maxrregcount=0  --machine 64 --compile -cudart static     -DWIN32 -DWIN64 -DNDEBUG -D_CONSOLE -D_MBCS -Xcompiler "/EHsc /W3 /nologo /O2 /Fdx64\Release\vc141.pdb /FS /Zi  /MD " -o x64\Release\funcHDR.cu.obj "C:\PGATR\CUDA\P5\P4\funcHDR.cu" 
  
  C:\PGATR\CUDA\P5\P4>"C:\Program Files\NVIDIA GPU Computing Toolkit\CUDA\v10.1\bin\nvcc.exe" -gencode=arch=compute_35,code=\"sm_35,compute_35\" --use-local-env -ccbin "C:\Program Files (x86)\Microsoft Visual Studio\2017\Community\VC\Tools\MSVC\14.16.27023\bin\HostX86\x64" -x cu  -ID:\opencv\opencv\build\include -I"C:\Program Files\NVIDIA GPU Computing Toolkit\CUDA\v10.1\include" -I"C:\Program Files\NVIDIA GPU Computing Toolkit\CUDA\v10.1\include"     --keep-dir x64\Release -maxrregcount=0  --machine 64 --compile -cudart static     -DWIN32 -DWIN64 -DNDEBUG -D_CONSOLE -D_MBCS -Xcompiler "/EHsc /W3 /nologo /O2 /Fdx64\Release\vc141.pdb /FS /Zi  /MD " -o x64\Release\tonemapping.cu.obj "C:\PGATR\CUDA\P5\P4\tonemapping.cu" 
  funcHDR.cu
  device_functions.h is an internal header file and must not be used directly.  This file will be removed in a future CUDA release.  Please use cuda_runtime_api.h or cuda_runtime.h instead.
  tonemapping.cu
C:/PGATR/CUDA/P5/P4/tonemapping.cu(195): warning C4267: 'argument': conversion from 'size_t' to 'unsigned int', possible loss of data
C:/PGATR/CUDA/P5/P4/tonemapping.cu(197): warning C4267: 'argument': conversion from 'size_t' to 'int', possible loss of data
C:/PGATR/CUDA/P5/P4/tonemapping.cu(224): warning C4267: 'initializing': conversion from 'size_t' to 'int', possible loss of data
C:/PGATR/CUDA/P5/P4/tonemapping.cu(224): warning C4267: 'initializing': conversion from 'size_t' to 'const int', possible loss of data
C:/PGATR/CUDA/P5/P4/tonemapping.cu(256): warning C4267: 'argument': conversion from 'size_t' to 'unsigned int', possible loss of data
C:/PGATR/CUDA/P5/P4/tonemapping.cu(261): warning C4267: 'argument': conversion from 'size_t' to 'int', possible loss of data
  loadSaveImage.cpp
c:\pgatr\cuda\p5\p4\loadsaveimage.cpp(94): warning C4267: '=': conversion from 'size_t' to 'int', possible loss of data
c:\pgatr\cuda\p5\p4\loadsaveimage.cpp(95): warning C4267: '=': conversion from 'size_t' to 'int', possible loss of data
c:\pgatr\cuda\p5\p4\loadsaveimage.cpp(110): warning C4267: '=': conversion from 'size_t' to 'int', possible loss of data
c:\pgatr\cuda\p5\p4\loadsaveimage.cpp(111): warning C4267: '=': conversion from 'size_t' to 'int', possible loss of data
  main.cpp
     Creating library C:\PGATR\CUDA\P5\x64\Release\P5.lib and object C:\PGATR\CUDA\P5\x64\Release\P5.exp
  Generating code
  14 of 135 functions (10.4%) were compiled, the rest were copied from previous compilation.
    0 functions were new in current compilation
    2 functions had inline decision re-evaluated but remain unchanged
  Finished generating code
loadSaveImage.obj : warning LNK4020: a type record in 'c:\pgatr\cuda\p5\p4\x64\release\vc141.pdb' is corrupted; some symbols and types may not be accessible from the debugger
main.obj : warning LNK4020: a type record in 'c:\pgatr\cuda\p5\p4\x64\release\vc141.pdb' is corrupted; some symbols and types may not be accessible from the debugger
tonemapping.cu.obj : warning LNK4020: a type record in 'c:\pgatr\cuda\p5\p4\x64\release\vc141.pdb' is corrupted; some symbols and types may not be accessible from the debugger
funcHDR.cu.obj : warning LNK4020: a type record in 'c:\pgatr\cuda\p5\p4\x64\release\vc141.pdb' is corrupted; some symbols and types may not be accessible from the debugger
  P4.vcxproj -> C:\PGATR\CUDA\P5\x64\Release\P5.exe
